2018-08-10 11:23:26 INFO  [com.cognizant.learn.view.CLearnClient.java:main():114] -  Initializing the application... 
2018-08-10 11:23:29 INFO  [com.cognizant.learn.view.CLearnClient.java:main():116] -  Shutting down the application... 
2018-08-10 11:23:35 INFO  [com.cognizant.learn.view.CLearnClient.java:createPhoenixLifeContentMap():123] -  createPhoenixLifeContentMap is called for the first time..
2018-08-10 11:23:36 INFO  [com.cognizant.learn.view.CLearnClient.java:populatePhoenixLifeContentPanel():105] -  populatePhoenixLifeContentPanel is : contentIndex 1
2018-08-10 11:23:36 INFO  [com.cognizant.learn.view.CLearnClient.java:createPhoenixLifeContentMap():123] -  createPhoenixLifeContentMap is called for the first time..
2018-08-10 11:23:36 INFO  [com.cognizant.learn.view.CLearnClient.java:populatePhoenixLifeContentPanel():105] -  populatePhoenixLifeContentPanel is : contentIndex 1
2018-08-10 11:23:39 INFO  [com.cognizant.learn.view.CLearnClient.java:populatePhoenixLifeContentPanel():105] -  populatePhoenixLifeContentPanel is : contentIndex 4
2018-08-10 11:23:40 INFO  [com.cognizant.learn.view.CLearnClient.java:populatePhoenixLifeContentPanel():105] -  populatePhoenixLifeContentPanel is : contentIndex 9
2018-08-10 11:23:41 INFO  [com.cognizant.learn.view.CLearnClient.java:populatePhoenixLifeContentPanel():105] -  populatePhoenixLifeContentPanel is : contentIndex 11
2018-08-10 11:23:41 INFO  [com.cognizant.learn.view.CLearnClient.java:populatePhoenixLifeContentPanel():105] -  populatePhoenixLifeContentPanel is : contentIndex 16
2018-08-10 11:23:43 INFO  [com.cognizant.learn.view.CLearnClient.java:populatePhoenixLifeContentPanel():105] -  populatePhoenixLifeContentPanel is : contentIndex 20
2018-08-10 11:23:45 INFO  [com.cognizant.learn.view.CLearnClient.java:populatePhoenixLifeContentPanel():105] -  populatePhoenixLifeContentPanel is : contentIndex 26
2018-08-10 11:23:48 INFO  [com.cognizant.learn.view.CLearnClient.java:populatePhoenixLifeContentPanel():105] -  populatePhoenixLifeContentPanel is : contentIndex 20
2018-08-10 11:23:49 INFO  [com.cognizant.learn.view.CLearnClient.java:populatePhoenixLifeContentPanel():105] -  populatePhoenixLifeContentPanel is : contentIndex 16
2018-08-10 11:23:51 INFO  [com.cognizant.learn.view.CLearnClient.java:populatePhoenixLifeContentPanel():105] -  populatePhoenixLifeContentPanel is : contentIndex 15
2018-08-10 11:23:51 INFO  [com.cognizant.learn.view.CLearnClient.java:populatePhoenixLifeContentPanel():105] -  populatePhoenixLifeContentPanel is : contentIndex 14
2018-08-10 11:23:52 INFO  [com.cognizant.learn.view.CLearnClient.java:populatePhoenixLifeContentPanel():105] -  populatePhoenixLifeContentPanel is : contentIndex 13
2018-08-10 11:23:54 INFO  [com.cognizant.learn.view.CLearnClient.java:populatePhoenixLifeContentPanel():105] -  populatePhoenixLifeContentPanel is : contentIndex 14
2018-08-10 11:23:54 INFO  [com.cognizant.learn.view.CLearnClient.java:populatePhoenixLifeContentPanel():105] -  populatePhoenixLifeContentPanel is : contentIndex 15
2018-08-10 11:23:55 INFO  [com.cognizant.learn.view.CLearnClient.java:populatePhoenixLifeContentPanel():105] -  populatePhoenixLifeContentPanel is : contentIndex 16
2018-08-10 11:23:55 INFO  [com.cognizant.learn.view.CLearnClient.java:populatePhoenixLifeContentPanel():105] -  populatePhoenixLifeContentPanel is : contentIndex 17
2018-08-10 11:23:56 INFO  [com.cognizant.learn.view.CLearnClient.java:populatePhoenixLifeContentPanel():105] -  populatePhoenixLifeContentPanel is : contentIndex 18
2018-08-10 11:23:57 INFO  [com.cognizant.learn.view.CLearnClient.java:populatePhoenixLifeContentPanel():105] -  populatePhoenixLifeContentPanel is : contentIndex 19
2018-08-10 11:23:58 INFO  [com.cognizant.learn.view.CLearnClient.java:populatePhoenixLifeContentPanel():105] -  populatePhoenixLifeContentPanel is : contentIndex 20
2018-08-10 11:23:58 INFO  [com.cognizant.learn.view.CLearnClient.java:populatePhoenixLifeContentPanel():105] -  populatePhoenixLifeContentPanel is : contentIndex 21
2018-08-10 11:23:59 INFO  [com.cognizant.learn.view.CLearnClient.java:populatePhoenixLifeContentPanel():105] -  populatePhoenixLifeContentPanel is : contentIndex 22
2018-08-10 11:24:00 INFO  [com.cognizant.learn.view.CLearnClient.java:populatePhoenixLifeContentPanel():105] -  populatePhoenixLifeContentPanel is : contentIndex 23
2018-08-10 11:24:00 INFO  [com.cognizant.learn.view.CLearnClient.java:populatePhoenixLifeContentPanel():105] -  populatePhoenixLifeContentPanel is : contentIndex 24
2018-08-10 11:24:02 INFO  [com.cognizant.learn.view.CLearnClient.java:populatePhoenixLifeContentPanel():105] -  populatePhoenixLifeContentPanel is : contentIndex 25
2018-08-10 11:24:02 INFO  [com.cognizant.learn.view.CLearnClient.java:populatePhoenixLifeContentPanel():105] -  populatePhoenixLifeContentPanel is : contentIndex 26
2018-08-10 11:24:03 INFO  [com.cognizant.learn.view.CLearnClient.java:populatePhoenixLifeContentPanel():105] -  populatePhoenixLifeContentPanel is : contentIndex 27
2018-08-10 11:24:05 INFO  [com.cognizant.learn.view.CLearnClient.java:populatePhoenixLifeContentPanel():105] -  populatePhoenixLifeContentPanel is : contentIndex 26
2018-08-10 11:24:05 INFO  [com.cognizant.learn.view.CLearnClient.java:populatePhoenixLifeContentPanel():105] -  populatePhoenixLifeContentPanel is : contentIndex 25
2018-08-10 11:24:06 INFO  [com.cognizant.learn.view.CLearnClient.java:populatePhoenixLifeContentPanel():105] -  populatePhoenixLifeContentPanel is : contentIndex 24
2018-08-10 11:24:07 INFO  [com.cognizant.learn.view.CLearnClient.java:populatePhoenixLifeContentPanel():105] -  populatePhoenixLifeContentPanel is : contentIndex 23
2018-08-10 11:24:08 INFO  [com.cognizant.learn.view.CLearnClient.java:populatePhoenixLifeContentPanel():105] -  populatePhoenixLifeContentPanel is : contentIndex 22
2018-08-10 11:24:08 INFO  [com.cognizant.learn.view.CLearnClient.java:populatePhoenixLifeContentPanel():105] -  populatePhoenixLifeContentPanel is : contentIndex 21
2018-08-10 11:24:09 INFO  [com.cognizant.learn.view.CLearnClient.java:populatePhoenixLifeContentPanel():105] -  populatePhoenixLifeContentPanel is : contentIndex 20
2018-08-10 11:24:10 INFO  [com.cognizant.learn.view.CLearnClient.java:populatePhoenixLifeContentPanel():105] -  populatePhoenixLifeContentPanel is : contentIndex 19
2018-08-10 11:24:10 INFO  [com.cognizant.learn.view.CLearnClient.java:populatePhoenixLifeContentPanel():105] -  populatePhoenixLifeContentPanel is : contentIndex 18
2018-08-10 11:24:11 INFO  [com.cognizant.learn.view.CLearnClient.java:populatePhoenixLifeContentPanel():105] -  populatePhoenixLifeContentPanel is : contentIndex 17
2018-08-10 11:24:13 INFO  [com.cognizant.learn.view.CLearnClient.java:populatePhoenixLifeContentPanel():105] -  populatePhoenixLifeContentPanel is : contentIndex 16
2018-08-10 11:24:14 INFO  [com.cognizant.learn.view.CLearnClient.java:populatePhoenixLifeContentPanel():105] -  populatePhoenixLifeContentPanel is : contentIndex 15
2018-08-10 11:24:15 INFO  [com.cognizant.learn.view.CLearnClient.java:populatePhoenixLifeContentPanel():105] -  populatePhoenixLifeContentPanel is : contentIndex 14
2018-08-10 11:24:15 INFO  [com.cognizant.learn.view.CLearnClient.java:populatePhoenixLifeContentPanel():105] -  populatePhoenixLifeContentPanel is : contentIndex 13
2018-08-10 11:24:16 INFO  [com.cognizant.learn.view.CLearnClient.java:populatePhoenixLifeContentPanel():105] -  populatePhoenixLifeContentPanel is : contentIndex 12
2018-08-10 11:24:16 INFO  [com.cognizant.learn.view.CLearnClient.java:populatePhoenixLifeContentPanel():105] -  populatePhoenixLifeContentPanel is : contentIndex 11
2018-08-10 11:24:17 INFO  [com.cognizant.learn.view.CLearnClient.java:populatePhoenixLifeContentPanel():105] -  populatePhoenixLifeContentPanel is : contentIndex 10
2018-08-10 11:24:17 INFO  [com.cognizant.learn.view.CLearnClient.java:populatePhoenixLifeContentPanel():105] -  populatePhoenixLifeContentPanel is : contentIndex 9
2018-08-10 11:24:18 INFO  [com.cognizant.learn.view.CLearnClient.java:populatePhoenixLifeContentPanel():105] -  populatePhoenixLifeContentPanel is : contentIndex 8
2018-08-10 11:24:19 INFO  [com.cognizant.learn.view.CLearnClient.java:populatePhoenixLifeContentPanel():105] -  populatePhoenixLifeContentPanel is : contentIndex 7
2018-08-10 11:24:20 INFO  [com.cognizant.learn.view.CLearnClient.java:populatePhoenixLifeContentPanel():105] -  populatePhoenixLifeContentPanel is : contentIndex 6
2018-08-10 11:24:21 INFO  [com.cognizant.learn.view.CLearnClient.java:populatePhoenixLifeContentPanel():105] -  populatePhoenixLifeContentPanel is : contentIndex 5
2018-08-10 11:24:23 INFO  [com.cognizant.learn.view.CLearnClient.java:populatePhoenixLifeContentPanel():105] -  populatePhoenixLifeContentPanel is : contentIndex 4
2018-08-10 11:24:24 INFO  [com.cognizant.learn.view.CLearnClient.java:populatePhoenixLifeContentPanel():105] -  populatePhoenixLifeContentPanel is : contentIndex 3
2018-08-10 11:24:25 INFO  [com.cognizant.learn.view.CLearnClient.java:populatePhoenixLifeContentPanel():105] -  populatePhoenixLifeContentPanel is : contentIndex 2
2018-08-10 11:24:26 INFO  [com.cognizant.learn.view.CLearnClient.java:populatePhoenixLifeContentPanel():105] -  populatePhoenixLifeContentPanel is : contentIndex 1
2018-08-10 11:24:27 INFO  [com.cognizant.learn.view.CLearnClient.java:populatePhoenixLifeContentPanel():105] -  populatePhoenixLifeContentPanel is : contentIndex 0
2018-08-10 11:24:28 INFO  [com.cognizant.learn.view.CLearnClient.java:populatePhoenixLifeContentPanel():105] -  populatePhoenixLifeContentPanel is : contentIndex -1
2018-08-10 11:24:56 INFO  [com.cognizant.learn.view.CLearnClient.java:main():114] -  Initializing the application... 
2018-08-10 11:24:59 INFO  [com.cognizant.learn.view.CLearnClient.java:main():116] -  Shutting down the application... 
2018-08-10 11:25:01 INFO  [com.cognizant.learn.view.CLearnClient.java:createPhoenixLifeContentMap():123] -  createPhoenixLifeContentMap is called for the first time..
2018-08-10 11:25:01 INFO  [com.cognizant.learn.view.CLearnClient.java:populatePhoenixLifeContentPanel():105] -  populatePhoenixLifeContentPanel is : contentIndex 1
2018-08-10 11:25:02 INFO  [com.cognizant.learn.view.CLearnClient.java:populatePhoenixLifeContentPanel():105] -  populatePhoenixLifeContentPanel is : contentIndex 26
2018-08-10 11:25:22 INFO  [com.cognizant.learn.view.CLearnClient.java:createPhoenixLifeContentMap():123] -  createPhoenixLifeContentMap is called for the first time..
2018-08-10 11:25:22 INFO  [com.cognizant.learn.view.CLearnClient.java:populatePhoenixLifeContentPanel():105] -  populatePhoenixLifeContentPanel is : contentIndex 1
2018-08-10 11:25:23 INFO  [com.cognizant.learn.view.CLearnClient.java:populatePhoenixLifeContentPanel():105] -  populatePhoenixLifeContentPanel is : contentIndex 4
2018-08-10 11:25:24 INFO  [com.cognizant.learn.view.CLearnClient.java:populatePhoenixLifeContentPanel():105] -  populatePhoenixLifeContentPanel is : contentIndex 1
2018-08-10 11:25:24 INFO  [com.cognizant.learn.view.CLearnClient.java:populatePhoenixLifeContentPanel():105] -  populatePhoenixLifeContentPanel is : contentIndex 4
2018-08-10 11:25:25 INFO  [com.cognizant.learn.view.CLearnClient.java:populatePhoenixLifeContentPanel():105] -  populatePhoenixLifeContentPanel is : contentIndex 9
2018-08-10 11:25:26 INFO  [com.cognizant.learn.view.CLearnClient.java:populatePhoenixLifeContentPanel():105] -  populatePhoenixLifeContentPanel is : contentIndex 11
2018-08-10 11:25:27 INFO  [com.cognizant.learn.view.CLearnClient.java:populatePhoenixLifeContentPanel():105] -  populatePhoenixLifeContentPanel is : contentIndex 16
2018-08-10 11:25:27 INFO  [com.cognizant.learn.view.CLearnClient.java:populatePhoenixLifeContentPanel():105] -  populatePhoenixLifeContentPanel is : contentIndex 20
2018-08-10 11:25:29 INFO  [com.cognizant.learn.view.CLearnClient.java:populatePhoenixLifeContentPanel():105] -  populatePhoenixLifeContentPanel is : contentIndex 16
2018-08-10 11:25:32 INFO  [com.cognizant.learn.view.CLearnClient.java:populatePhoenixLifeContentPanel():105] -  populatePhoenixLifeContentPanel is : contentIndex 26
2018-08-10 11:25:32 INFO  [com.cognizant.learn.view.CLearnClient.java:populatePhoenixLifeContentPanel():105] -  populatePhoenixLifeContentPanel is : contentIndex 26
2018-08-10 11:25:37 INFO  [com.cognizant.learn.view.CLearnClient.java:populatePhoenixLifeContentPanel():105] -  populatePhoenixLifeContentPanel is : contentIndex 20
2018-08-10 11:25:37 INFO  [com.cognizant.learn.view.CLearnClient.java:populatePhoenixLifeContentPanel():105] -  populatePhoenixLifeContentPanel is : contentIndex 20
2018-08-10 11:25:39 INFO  [com.cognizant.learn.view.CLearnClient.java:populatePhoenixLifeContentPanel():105] -  populatePhoenixLifeContentPanel is : contentIndex 16
2018-08-10 11:25:39 INFO  [com.cognizant.learn.view.CLearnClient.java:populatePhoenixLifeContentPanel():105] -  populatePhoenixLifeContentPanel is : contentIndex 16
2018-08-10 11:25:40 INFO  [com.cognizant.learn.view.CLearnClient.java:populatePhoenixLifeContentPanel():105] -  populatePhoenixLifeContentPanel is : contentIndex 15
2018-08-10 11:25:41 INFO  [com.cognizant.learn.view.CLearnClient.java:populatePhoenixLifeContentPanel():105] -  populatePhoenixLifeContentPanel is : contentIndex 14
2018-08-10 11:25:41 INFO  [com.cognizant.learn.view.CLearnClient.java:populatePhoenixLifeContentPanel():105] -  populatePhoenixLifeContentPanel is : contentIndex 13
2018-08-10 11:25:42 INFO  [com.cognizant.learn.view.CLearnClient.java:populatePhoenixLifeContentPanel():105] -  populatePhoenixLifeContentPanel is : contentIndex 12
2018-08-10 11:25:42 INFO  [com.cognizant.learn.view.CLearnClient.java:populatePhoenixLifeContentPanel():105] -  populatePhoenixLifeContentPanel is : contentIndex 11
2018-08-10 11:25:43 INFO  [com.cognizant.learn.view.CLearnClient.java:populatePhoenixLifeContentPanel():105] -  populatePhoenixLifeContentPanel is : contentIndex 10
2018-08-10 11:25:44 INFO  [com.cognizant.learn.view.CLearnClient.java:populatePhoenixLifeContentPanel():105] -  populatePhoenixLifeContentPanel is : contentIndex 9
2018-08-10 11:25:44 INFO  [com.cognizant.learn.view.CLearnClient.java:populatePhoenixLifeContentPanel():105] -  populatePhoenixLifeContentPanel is : contentIndex 8
2018-08-10 11:25:45 INFO  [com.cognizant.learn.view.CLearnClient.java:populatePhoenixLifeContentPanel():105] -  populatePhoenixLifeContentPanel is : contentIndex 7
2018-08-10 11:25:46 INFO  [com.cognizant.learn.view.CLearnClient.java:populatePhoenixLifeContentPanel():105] -  populatePhoenixLifeContentPanel is : contentIndex 6
2018-08-10 11:25:46 INFO  [com.cognizant.learn.view.CLearnClient.java:populatePhoenixLifeContentPanel():105] -  populatePhoenixLifeContentPanel is : contentIndex 5
2018-08-10 11:25:47 INFO  [com.cognizant.learn.view.CLearnClient.java:populatePhoenixLifeContentPanel():105] -  populatePhoenixLifeContentPanel is : contentIndex 4
2018-08-10 11:25:47 INFO  [com.cognizant.learn.view.CLearnClient.java:populatePhoenixLifeContentPanel():105] -  populatePhoenixLifeContentPanel is : contentIndex 3
2018-08-10 11:25:48 INFO  [com.cognizant.learn.view.CLearnClient.java:populatePhoenixLifeContentPanel():105] -  populatePhoenixLifeContentPanel is : contentIndex 2
2018-08-10 11:25:48 INFO  [com.cognizant.learn.view.CLearnClient.java:populatePhoenixLifeContentPanel():105] -  populatePhoenixLifeContentPanel is : contentIndex 1
2018-08-10 11:25:49 INFO  [com.cognizant.learn.view.CLearnClient.java:populatePhoenixLifeContentPanel():105] -  populatePhoenixLifeContentPanel is : contentIndex 0
2018-08-10 11:25:51 INFO  [com.cognizant.learn.view.CLearnClient.java:createPhoenixLifeContentMap():123] -  createPhoenixLifeContentMap is called for the first time..
2018-08-10 11:25:51 INFO  [com.cognizant.learn.view.CLearnClient.java:populatePhoenixLifeContentPanel():105] -  populatePhoenixLifeContentPanel is : contentIndex 1
2018-08-10 11:25:51 INFO  [com.cognizant.learn.view.CLearnClient.java:createPhoenixLifeContentMap():123] -  createPhoenixLifeContentMap is called for the first time..
2018-08-10 11:25:52 INFO  [com.cognizant.learn.view.CLearnClient.java:populatePhoenixLifeContentPanel():105] -  populatePhoenixLifeContentPanel is : contentIndex 1
2018-08-10 11:25:52 INFO  [com.cognizant.learn.view.CLearnClient.java:createPhoenixLifeContentMap():123] -  createPhoenixLifeContentMap is called for the first time..
2018-08-10 11:25:52 INFO  [com.cognizant.learn.view.CLearnClient.java:populatePhoenixLifeContentPanel():105] -  populatePhoenixLifeContentPanel is : contentIndex 1
2018-08-10 11:25:52 INFO  [com.cognizant.learn.view.CLearnClient.java:createPhoenixLifeContentMap():123] -  createPhoenixLifeContentMap is called for the first time..
2018-08-10 11:25:53 INFO  [com.cognizant.learn.view.CLearnClient.java:populatePhoenixLifeContentPanel():105] -  populatePhoenixLifeContentPanel is : contentIndex 1
2018-08-10 11:25:53 INFO  [com.cognizant.learn.view.CLearnClient.java:createPhoenixLifeContentMap():123] -  createPhoenixLifeContentMap is called for the first time..
2018-08-10 11:25:53 INFO  [com.cognizant.learn.view.CLearnClient.java:populatePhoenixLifeContentPanel():105] -  populatePhoenixLifeContentPanel is : contentIndex 1
2018-08-10 11:25:53 INFO  [com.cognizant.learn.view.CLearnClient.java:populatePhoenixLifeContentPanel():105] -  populatePhoenixLifeContentPanel is : contentIndex 1
2018-08-10 11:25:54 INFO  [com.cognizant.learn.view.CLearnClient.java:populatePhoenixLifeContentPanel():105] -  populatePhoenixLifeContentPanel is : contentIndex 4
2018-08-10 11:25:55 INFO  [com.cognizant.learn.view.CLearnClient.java:populatePhoenixLifeContentPanel():105] -  populatePhoenixLifeContentPanel is : contentIndex 9
2018-08-10 11:25:55 INFO  [com.cognizant.learn.view.CLearnClient.java:populatePhoenixLifeContentPanel():105] -  populatePhoenixLifeContentPanel is : contentIndex 11
2018-08-10 11:25:56 INFO  [com.cognizant.learn.view.CLearnClient.java:populatePhoenixLifeContentPanel():105] -  populatePhoenixLifeContentPanel is : contentIndex 16
2018-08-10 11:25:56 INFO  [com.cognizant.learn.view.CLearnClient.java:populatePhoenixLifeContentPanel():105] -  populatePhoenixLifeContentPanel is : contentIndex 20
2018-08-10 11:25:58 INFO  [com.cognizant.learn.view.CLearnClient.java:populatePhoenixLifeContentPanel():105] -  populatePhoenixLifeContentPanel is : contentIndex 20
2018-08-10 11:25:58 INFO  [com.cognizant.learn.view.CLearnClient.java:populatePhoenixLifeContentPanel():105] -  populatePhoenixLifeContentPanel is : contentIndex 20
2018-08-10 11:25:59 INFO  [com.cognizant.learn.view.CLearnClient.java:populatePhoenixLifeContentPanel():105] -  populatePhoenixLifeContentPanel is : contentIndex 20
2018-08-10 11:25:59 INFO  [com.cognizant.learn.view.CLearnClient.java:populatePhoenixLifeContentPanel():105] -  populatePhoenixLifeContentPanel is : contentIndex 26
2018-08-10 11:25:59 INFO  [com.cognizant.learn.view.CLearnClient.java:populatePhoenixLifeContentPanel():105] -  populatePhoenixLifeContentPanel is : contentIndex 26
2018-08-10 14:14:27 INFO  [com.cognizant.learn.view.CLearnClient.java:main():114] -  Initializing the application... 
2018-08-10 14:14:32 INFO  [com.cognizant.learn.view.CLearnClient.java:main():116] -  Shutting down the application... 
2018-08-10 14:14:33 INFO  [com.cognizant.learn.view.CLearnClient.java:createPhoenixLifeContentMap():123] -  createPhoenixLifeContentMap is called for the first time..
2018-08-10 14:14:36 INFO  [com.cognizant.learn.view.CLearnClient.java:populatePhoenixLifeContentPanel():105] -  populatePhoenixLifeContentPanel is : contentIndex 1
2018-08-10 14:14:36 INFO  [com.cognizant.learn.view.CLearnClient.java:createPhoenixLifeContentMap():123] -  createPhoenixLifeContentMap is called for the first time..
2018-08-10 14:14:37 INFO  [com.cognizant.learn.view.CLearnClient.java:populatePhoenixLifeContentPanel():105] -  populatePhoenixLifeContentPanel is : contentIndex 1
2018-08-10 14:14:37 INFO  [com.cognizant.learn.view.CLearnClient.java:createPhoenixLifeContentMap():123] -  createPhoenixLifeContentMap is called for the first time..
2018-08-10 14:14:37 INFO  [com.cognizant.learn.view.CLearnClient.java:populatePhoenixLifeContentPanel():105] -  populatePhoenixLifeContentPanel is : contentIndex 1
2018-08-10 14:14:37 INFO  [com.cognizant.learn.view.CLearnClient.java:createPhoenixLifeContentMap():123] -  createPhoenixLifeContentMap is called for the first time..
2018-08-10 14:14:37 INFO  [com.cognizant.learn.view.CLearnClient.java:populatePhoenixLifeContentPanel():105] -  populatePhoenixLifeContentPanel is : contentIndex 1
2018-08-10 14:14:37 INFO  [com.cognizant.learn.view.CLearnClient.java:createPhoenixLifeContentMap():123] -  createPhoenixLifeContentMap is called for the first time..
2018-08-10 14:14:37 INFO  [com.cognizant.learn.view.CLearnClient.java:populatePhoenixLifeContentPanel():105] -  populatePhoenixLifeContentPanel is : contentIndex 1
2018-08-10 14:14:37 INFO  [com.cognizant.learn.view.CLearnClient.java:createPhoenixLifeContentMap():123] -  createPhoenixLifeContentMap is called for the first time..
2018-08-10 14:14:37 INFO  [com.cognizant.learn.view.CLearnClient.java:populatePhoenixLifeContentPanel():105] -  populatePhoenixLifeContentPanel is : contentIndex 1
2018-08-10 14:14:37 INFO  [com.cognizant.learn.view.CLearnClient.java:createPhoenixLifeContentMap():123] -  createPhoenixLifeContentMap is called for the first time..
2018-08-10 14:14:37 INFO  [com.cognizant.learn.view.CLearnClient.java:populatePhoenixLifeContentPanel():105] -  populatePhoenixLifeContentPanel is : contentIndex 1
2018-08-10 14:14:37 INFO  [com.cognizant.learn.view.CLearnClient.java:createPhoenixLifeContentMap():123] -  createPhoenixLifeContentMap is called for the first time..
2018-08-10 14:14:38 INFO  [com.cognizant.learn.view.CLearnClient.java:populatePhoenixLifeContentPanel():105] -  populatePhoenixLifeContentPanel is : contentIndex 1
2018-08-10 14:14:39 INFO  [com.cognizant.learn.view.CLearnClient.java:createPhoenixLifeContentMap():123] -  createPhoenixLifeContentMap is called for the first time..
2018-08-10 14:14:39 INFO  [com.cognizant.learn.view.CLearnClient.java:populatePhoenixLifeContentPanel():105] -  populatePhoenixLifeContentPanel is : contentIndex 1
2018-08-10 14:14:39 INFO  [com.cognizant.learn.view.CLearnClient.java:createPhoenixLifeContentMap():123] -  createPhoenixLifeContentMap is called for the first time..
2018-08-10 14:14:39 INFO  [com.cognizant.learn.view.CLearnClient.java:populatePhoenixLifeContentPanel():105] -  populatePhoenixLifeContentPanel is : contentIndex 1
2018-08-10 14:14:41 INFO  [com.cognizant.learn.view.CLearnClient.java:populatePhoenixLifeContentPanel():105] -  populatePhoenixLifeContentPanel is : contentIndex 26
2018-08-10 14:14:41 INFO  [com.cognizant.learn.view.CLearnClient.java:populatePhoenixLifeContentPanel():105] -  populatePhoenixLifeContentPanel is : contentIndex 26
2018-08-10 14:18:54 INFO  [com.cognizant.learn.view.CLearnClient.java:main():114] -  Initializing the application... 
2018-08-10 14:18:57 INFO  [com.cognizant.learn.view.CLearnClient.java:main():116] -  Shutting down the application... 
2018-08-10 14:18:58 INFO  [com.cognizant.learn.view.CLearnClient.java:createPhoenixLifeContentMap():123] -  createPhoenixLifeContentMap is called for the first time..
2018-08-10 14:18:59 INFO  [com.cognizant.learn.view.CLearnClient.java:populatePhoenixLifeContentPanel():105] -  populatePhoenixLifeContentPanel is : contentIndex 1
2018-08-10 14:18:59 INFO  [com.cognizant.learn.view.CLearnClient.java:createPhoenixLifeContentMap():123] -  createPhoenixLifeContentMap is called for the first time..
2018-08-10 14:18:59 INFO  [com.cognizant.learn.view.CLearnClient.java:populatePhoenixLifeContentPanel():105] -  populatePhoenixLifeContentPanel is : contentIndex 1
2018-08-10 14:18:59 INFO  [com.cognizant.learn.view.CLearnClient.java:createPhoenixLifeContentMap():123] -  createPhoenixLifeContentMap is called for the first time..
2018-08-10 14:18:59 INFO  [com.cognizant.learn.view.CLearnClient.java:populatePhoenixLifeContentPanel():105] -  populatePhoenixLifeContentPanel is : contentIndex 1
2018-08-10 14:18:59 INFO  [com.cognizant.learn.view.CLearnClient.java:createPhoenixLifeContentMap():123] -  createPhoenixLifeContentMap is called for the first time..
2018-08-10 14:18:59 INFO  [com.cognizant.learn.view.CLearnClient.java:populatePhoenixLifeContentPanel():105] -  populatePhoenixLifeContentPanel is : contentIndex 1
2018-08-10 14:19:00 INFO  [com.cognizant.learn.view.CLearnClient.java:createPhoenixLifeContentMap():123] -  createPhoenixLifeContentMap is called for the first time..
2018-08-10 14:19:00 INFO  [com.cognizant.learn.view.CLearnClient.java:populatePhoenixLifeContentPanel():105] -  populatePhoenixLifeContentPanel is : contentIndex 1
2018-08-10 14:19:00 INFO  [com.cognizant.learn.view.CLearnClient.java:createPhoenixLifeContentMap():123] -  createPhoenixLifeContentMap is called for the first time..
2018-08-10 14:19:00 INFO  [com.cognizant.learn.view.CLearnClient.java:populatePhoenixLifeContentPanel():105] -  populatePhoenixLifeContentPanel is : contentIndex 1
2018-08-10 14:19:01 INFO  [com.cognizant.learn.view.CLearnClient.java:populatePhoenixLifeContentPanel():105] -  populatePhoenixLifeContentPanel is : contentIndex 26
2018-08-10 14:19:43 INFO  [com.cognizant.learn.view.CLearnClient.java:main():114] -  Initializing the application... 
2018-08-10 14:19:46 INFO  [com.cognizant.learn.view.CLearnClient.java:main():116] -  Shutting down the application... 
2018-08-10 14:19:48 INFO  [com.cognizant.learn.view.CLearnClient.java:createPhoenixLifeContentMap():123] -  createPhoenixLifeContentMap is called for the first time..
2018-08-10 14:19:49 INFO  [com.cognizant.learn.view.CLearnClient.java:populatePhoenixLifeContentPanel():105] -  populatePhoenixLifeContentPanel is : contentIndex 1
2018-08-10 14:19:49 INFO  [com.cognizant.learn.view.CLearnClient.java:createPhoenixLifeContentMap():123] -  createPhoenixLifeContentMap is called for the first time..
2018-08-10 14:19:49 INFO  [com.cognizant.learn.view.CLearnClient.java:populatePhoenixLifeContentPanel():105] -  populatePhoenixLifeContentPanel is : contentIndex 1
2018-08-10 14:19:50 INFO  [com.cognizant.learn.view.CLearnClient.java:populatePhoenixLifeContentPanel():105] -  populatePhoenixLifeContentPanel is : contentIndex 26
2018-08-10 14:20:59 INFO  [com.cognizant.learn.view.CLearnClient.java:main():114] -  Initializing the application... 
2018-08-10 14:21:02 INFO  [com.cognizant.learn.view.CLearnClient.java:main():116] -  Shutting down the application... 
2018-08-10 14:21:03 INFO  [com.cognizant.learn.view.CLearnClient.java:createPhoenixLifeContentMap():123] -  createPhoenixLifeContentMap is called for the first time..
2018-08-10 14:21:04 INFO  [com.cognizant.learn.view.CLearnClient.java:populatePhoenixLifeContentPanel():105] -  populatePhoenixLifeContentPanel is : contentIndex 1
2018-08-10 14:21:04 INFO  [com.cognizant.learn.view.CLearnClient.java:createPhoenixLifeContentMap():123] -  createPhoenixLifeContentMap is called for the first time..
2018-08-10 14:21:04 INFO  [com.cognizant.learn.view.CLearnClient.java:populatePhoenixLifeContentPanel():105] -  populatePhoenixLifeContentPanel is : contentIndex 1
2018-08-10 14:21:04 INFO  [com.cognizant.learn.view.CLearnClient.java:createPhoenixLifeContentMap():123] -  createPhoenixLifeContentMap is called for the first time..
2018-08-10 14:21:04 INFO  [com.cognizant.learn.view.CLearnClient.java:populatePhoenixLifeContentPanel():105] -  populatePhoenixLifeContentPanel is : contentIndex 1
2018-08-10 14:21:04 INFO  [com.cognizant.learn.view.CLearnClient.java:createPhoenixLifeContentMap():123] -  createPhoenixLifeContentMap is called for the first time..
2018-08-10 14:21:04 INFO  [com.cognizant.learn.view.CLearnClient.java:populatePhoenixLifeContentPanel():105] -  populatePhoenixLifeContentPanel is : contentIndex 1
2018-08-10 14:21:05 INFO  [com.cognizant.learn.view.CLearnClient.java:createPhoenixLifeContentMap():123] -  createPhoenixLifeContentMap is called for the first time..
2018-08-10 14:21:05 INFO  [com.cognizant.learn.view.CLearnClient.java:populatePhoenixLifeContentPanel():105] -  populatePhoenixLifeContentPanel is : contentIndex 1
2018-08-10 14:21:05 INFO  [com.cognizant.learn.view.CLearnClient.java:createPhoenixLifeContentMap():123] -  createPhoenixLifeContentMap is called for the first time..
2018-08-10 14:21:05 INFO  [com.cognizant.learn.view.CLearnClient.java:populatePhoenixLifeContentPanel():105] -  populatePhoenixLifeContentPanel is : contentIndex 1
2018-08-10 14:21:07 INFO  [com.cognizant.learn.view.CLearnClient.java:populatePhoenixLifeContentPanel():105] -  populatePhoenixLifeContentPanel is : contentIndex 26
2018-08-10 14:21:54 INFO  [com.cognizant.learn.view.CLearnClient.java:main():114] -  Initializing the application... 
2018-08-10 14:21:57 INFO  [com.cognizant.learn.view.CLearnClient.java:main():116] -  Shutting down the application... 
2018-08-10 14:21:59 INFO  [com.cognizant.learn.view.CLearnClient.java:createPhoenixLifeContentMap():123] -  createPhoenixLifeContentMap is called for the first time..
2018-08-10 14:22:00 INFO  [com.cognizant.learn.view.CLearnClient.java:populatePhoenixLifeContentPanel():105] -  populatePhoenixLifeContentPanel is : contentIndex 1
2018-08-10 14:22:00 INFO  [com.cognizant.learn.view.CLearnClient.java:createPhoenixLifeContentMap():123] -  createPhoenixLifeContentMap is called for the first time..
2018-08-10 14:22:00 INFO  [com.cognizant.learn.view.CLearnClient.java:populatePhoenixLifeContentPanel():105] -  populatePhoenixLifeContentPanel is : contentIndex 1
2018-08-10 14:22:00 INFO  [com.cognizant.learn.view.CLearnClient.java:createPhoenixLifeContentMap():123] -  createPhoenixLifeContentMap is called for the first time..
2018-08-10 14:22:00 INFO  [com.cognizant.learn.view.CLearnClient.java:populatePhoenixLifeContentPanel():105] -  populatePhoenixLifeContentPanel is : contentIndex 1
2018-08-10 14:22:01 INFO  [com.cognizant.learn.view.CLearnClient.java:populatePhoenixLifeContentPanel():105] -  populatePhoenixLifeContentPanel is : contentIndex 26
2018-08-10 14:22:32 INFO  [com.cognizant.learn.view.CLearnClient.java:main():114] -  Initializing the application... 
2018-08-10 14:22:35 INFO  [com.cognizant.learn.view.CLearnClient.java:main():116] -  Shutting down the application... 
2018-08-10 14:22:37 INFO  [com.cognizant.learn.view.CLearnClient.java:createPhoenixLifeContentMap():123] -  createPhoenixLifeContentMap is called for the first time..
2018-08-10 14:22:37 INFO  [com.cognizant.learn.view.CLearnClient.java:populatePhoenixLifeContentPanel():105] -  populatePhoenixLifeContentPanel is : contentIndex 1
2018-08-10 14:22:37 INFO  [com.cognizant.learn.view.CLearnClient.java:createPhoenixLifeContentMap():123] -  createPhoenixLifeContentMap is called for the first time..
2018-08-10 14:22:37 INFO  [com.cognizant.learn.view.CLearnClient.java:populatePhoenixLifeContentPanel():105] -  populatePhoenixLifeContentPanel is : contentIndex 1
2018-08-10 14:22:37 INFO  [com.cognizant.learn.view.CLearnClient.java:createPhoenixLifeContentMap():123] -  createPhoenixLifeContentMap is called for the first time..
2018-08-10 14:22:38 INFO  [com.cognizant.learn.view.CLearnClient.java:populatePhoenixLifeContentPanel():105] -  populatePhoenixLifeContentPanel is : contentIndex 1
2018-08-10 14:22:38 INFO  [com.cognizant.learn.view.CLearnClient.java:populatePhoenixLifeContentPanel():105] -  populatePhoenixLifeContentPanel is : contentIndex 26
2018-08-10 14:23:20 INFO  [com.cognizant.learn.view.CLearnClient.java:main():114] -  Initializing the application... 
2018-08-10 14:23:23 INFO  [com.cognizant.learn.view.CLearnClient.java:main():116] -  Shutting down the application... 
2018-08-10 14:23:24 INFO  [com.cognizant.learn.view.CLearnClient.java:createPhoenixLifeContentMap():123] -  createPhoenixLifeContentMap is called for the first time..
2018-08-10 14:23:25 INFO  [com.cognizant.learn.view.CLearnClient.java:populatePhoenixLifeContentPanel():105] -  populatePhoenixLifeContentPanel is : contentIndex 1
2018-08-10 14:23:25 INFO  [com.cognizant.learn.view.CLearnClient.java:createPhoenixLifeContentMap():123] -  createPhoenixLifeContentMap is called for the first time..
2018-08-10 14:23:25 INFO  [com.cognizant.learn.view.CLearnClient.java:populatePhoenixLifeContentPanel():105] -  populatePhoenixLifeContentPanel is : contentIndex 1
2018-08-10 14:23:25 INFO  [com.cognizant.learn.view.CLearnClient.java:createPhoenixLifeContentMap():123] -  createPhoenixLifeContentMap is called for the first time..
2018-08-10 14:23:25 INFO  [com.cognizant.learn.view.CLearnClient.java:populatePhoenixLifeContentPanel():105] -  populatePhoenixLifeContentPanel is : contentIndex 1
2018-08-10 14:23:25 INFO  [com.cognizant.learn.view.CLearnClient.java:createPhoenixLifeContentMap():123] -  createPhoenixLifeContentMap is called for the first time..
2018-08-10 14:23:25 INFO  [com.cognizant.learn.view.CLearnClient.java:populatePhoenixLifeContentPanel():105] -  populatePhoenixLifeContentPanel is : contentIndex 1
2018-08-10 14:23:26 INFO  [com.cognizant.learn.view.CLearnClient.java:createPhoenixLifeContentMap():123] -  createPhoenixLifeContentMap is called for the first time..
2018-08-10 14:23:26 INFO  [com.cognizant.learn.view.CLearnClient.java:populatePhoenixLifeContentPanel():105] -  populatePhoenixLifeContentPanel is : contentIndex 1
2018-08-10 14:23:26 INFO  [com.cognizant.learn.view.CLearnClient.java:createPhoenixLifeContentMap():123] -  createPhoenixLifeContentMap is called for the first time..
2018-08-10 14:23:27 INFO  [com.cognizant.learn.view.CLearnClient.java:populatePhoenixLifeContentPanel():105] -  populatePhoenixLifeContentPanel is : contentIndex 1
2018-08-10 14:23:27 INFO  [com.cognizant.learn.view.CLearnClient.java:createPhoenixLifeContentMap():123] -  createPhoenixLifeContentMap is called for the first time..
2018-08-10 14:23:27 INFO  [com.cognizant.learn.view.CLearnClient.java:populatePhoenixLifeContentPanel():105] -  populatePhoenixLifeContentPanel is : contentIndex 1
2018-08-10 14:23:27 INFO  [com.cognizant.learn.view.CLearnClient.java:populatePhoenixLifeContentPanel():105] -  populatePhoenixLifeContentPanel is : contentIndex 26
2018-08-10 14:23:47 INFO  [com.cognizant.learn.view.CLearnClient.java:main():114] -  Initializing the application... 
2018-08-10 14:23:50 INFO  [com.cognizant.learn.view.CLearnClient.java:main():116] -  Shutting down the application... 
2018-08-10 14:23:51 INFO  [com.cognizant.learn.view.CLearnClient.java:createPhoenixLifeContentMap():123] -  createPhoenixLifeContentMap is called for the first time..
2018-08-10 14:23:52 INFO  [com.cognizant.learn.view.CLearnClient.java:populatePhoenixLifeContentPanel():105] -  populatePhoenixLifeContentPanel is : contentIndex 1
2018-08-10 14:23:52 INFO  [com.cognizant.learn.view.CLearnClient.java:createPhoenixLifeContentMap():123] -  createPhoenixLifeContentMap is called for the first time..
2018-08-10 14:23:52 INFO  [com.cognizant.learn.view.CLearnClient.java:populatePhoenixLifeContentPanel():105] -  populatePhoenixLifeContentPanel is : contentIndex 1
2018-08-10 14:23:52 INFO  [com.cognizant.learn.view.CLearnClient.java:createPhoenixLifeContentMap():123] -  createPhoenixLifeContentMap is called for the first time..
2018-08-10 14:23:52 INFO  [com.cognizant.learn.view.CLearnClient.java:populatePhoenixLifeContentPanel():105] -  populatePhoenixLifeContentPanel is : contentIndex 1
2018-08-10 14:23:52 INFO  [com.cognizant.learn.view.CLearnClient.java:createPhoenixLifeContentMap():123] -  createPhoenixLifeContentMap is called for the first time..
2018-08-10 14:23:52 INFO  [com.cognizant.learn.view.CLearnClient.java:populatePhoenixLifeContentPanel():105] -  populatePhoenixLifeContentPanel is : contentIndex 1
2018-08-10 14:23:54 INFO  [com.cognizant.learn.view.CLearnClient.java:createPhoenixLifeContentMap():123] -  createPhoenixLifeContentMap is called for the first time..
2018-08-10 14:23:54 INFO  [com.cognizant.learn.view.CLearnClient.java:populatePhoenixLifeContentPanel():105] -  populatePhoenixLifeContentPanel is : contentIndex 1
2018-08-10 14:23:54 INFO  [com.cognizant.learn.view.CLearnClient.java:createPhoenixLifeContentMap():123] -  createPhoenixLifeContentMap is called for the first time..
2018-08-10 14:23:54 INFO  [com.cognizant.learn.view.CLearnClient.java:populatePhoenixLifeContentPanel():105] -  populatePhoenixLifeContentPanel is : contentIndex 1
2018-08-10 14:23:55 INFO  [com.cognizant.learn.view.CLearnClient.java:populatePhoenixLifeContentPanel():105] -  populatePhoenixLifeContentPanel is : contentIndex 26
2018-08-10 14:28:11 INFO  [com.cognizant.learn.view.CLearnClient.java:main():114] -  Initializing the application... 
2018-08-10 14:28:14 INFO  [com.cognizant.learn.view.CLearnClient.java:main():116] -  Shutting down the application... 
2018-08-10 14:28:17 INFO  [com.cognizant.learn.view.CLearnClient.java:createPhoenixLifeContentMap():123] -  createPhoenixLifeContentMap is called for the first time..
2018-08-10 14:28:17 INFO  [com.cognizant.learn.view.CLearnClient.java:populatePhoenixLifeContentPanel():105] -  populatePhoenixLifeContentPanel is : contentIndex 1
2018-08-10 14:28:17 INFO  [com.cognizant.learn.view.CLearnClient.java:createPhoenixLifeContentMap():123] -  createPhoenixLifeContentMap is called for the first time..
2018-08-10 14:28:17 INFO  [com.cognizant.learn.view.CLearnClient.java:populatePhoenixLifeContentPanel():105] -  populatePhoenixLifeContentPanel is : contentIndex 1
2018-08-10 14:28:17 INFO  [com.cognizant.learn.view.CLearnClient.java:createPhoenixLifeContentMap():123] -  createPhoenixLifeContentMap is called for the first time..
2018-08-10 14:28:18 INFO  [com.cognizant.learn.view.CLearnClient.java:populatePhoenixLifeContentPanel():105] -  populatePhoenixLifeContentPanel is : contentIndex 1
2018-08-10 14:28:19 INFO  [com.cognizant.learn.view.CLearnClient.java:populatePhoenixLifeContentPanel():105] -  populatePhoenixLifeContentPanel is : contentIndex 26
